Flat profile:

Each sample counts as 0.01 seconds.
  %   cumulative   self              self     total           
 time   seconds   seconds    calls   s/call   s/call  name    
 65.68      8.54     8.54        1     8.54     8.54  NgramList::sortByCount()
 22.79     11.50     2.96 796261558     0.00     0.00  __gnu_cxx::__enable_if<std::__is_char<char>::__value, bool>::__type std::operator==<char>(std::basic_string<char, std::char_traits<char>, std::allocator<char> > const&, std::basic_string<char, std::char_traits<char>, std::allocator<char> > const&)
 10.63     12.88     1.38    53509     0.00     0.00  NgramList::insertNgram(std::string)
  0.81     12.99     0.11 84052652     0.00     0.00  std::char_traits<char>::compare(char const*, char const*, unsigned long)
  0.08     13.00     0.01   205752     0.00     0.00  std::string const& std::forward<std::string const&>(std::remove_reference<std::string const&>::type&)
  0.08     13.01     0.01                             main
  0.04     13.01     0.01        1     0.01     0.01  _GLOBAL__sub_I__ZN9NgramListC2EiRK8WordList
  0.00     13.01     0.00   381392     0.00     0.00  __gnu_cxx::__normal_iterator<std::string const*, std::vector<std::string, std::allocator<std::string> > >::base() const
  0.00     13.01     0.00   330720     0.00     0.00  std::string* std::__addressof<std::string>(std::string&)
  0.00     13.01     0.00   312784     0.00     0.00  __gnu_cxx::__normal_iterator<std::string const*, std::vector<std::string, std::allocator<std::string> > >::__normal_iterator(std::string const* const&)
  0.00     13.01     0.00   262178     0.00     0.00  std::move_iterator<std::string*>::base() const
  0.00     13.01     0.00   199649     0.00     0.00  void std::_Destroy<std::string>(std::string*)
  0.00     13.01     0.00   199649     0.00     0.00  operator new(unsigned long, void*)
  0.00     13.01     0.00   190696     0.00     0.00  bool __gnu_cxx::operator!=<std::string const*, std::vector<std::string, std::allocator<std::string> > >(__gnu_cxx::__normal_iterator<std::string const*, std::vector<std::string, std::allocator<std::string> > > const&, __gnu_cxx::__normal_iterator<std::string const*, std::vector<std::string, std::allocator<std::string> > > const&)
  0.00     13.01     0.00   175626     0.00     0.00  __gnu_cxx::__normal_iterator<std::string const*, std::vector<std::string, std::allocator<std::string> > >::operator++(int)
  0.00     13.01     0.00   137157     0.00     0.00  std::vector<std::string, std::allocator<std::string> >::end() const
  0.00     13.01     0.00   131089     0.00     0.00  bool std::operator==<std::string*>(std::move_iterator<std::string*> const&, std::move_iterator<std::string*> const&)
  0.00     13.01     0.00   131089     0.00     0.00  bool std::operator!=<std::string*>(std::move_iterator<std::string*> const&, std::move_iterator<std::string*> const&)
  0.00     13.01     0.00   131071     0.00     0.00  std::move_iterator<std::string*>::operator*() const
  0.00     13.01     0.00   131071     0.00     0.00  std::move_iterator<std::string*>::operator++()
  0.00     13.01     0.00   131071     0.00     0.00  void std::_Construct<std::string, std::string>(std::string*, std::string&&)
  0.00     13.01     0.00   131071     0.00     0.00  std::remove_reference<std::string&>::type&& std::move<std::string&>(std::string&)
  0.00     13.01     0.00   131071     0.00     0.00  std::string&& std::forward<std::string>(std::remove_reference<std::string>::type&)
  0.00     13.01     0.00   122116     0.00     0.00  __gnu_cxx::__normal_iterator<std::string const*, std::vector<std::string, std::allocator<std::string> > >::operator*() const
  0.00     13.01     0.00   107048     0.00     0.00  bool std::operator==<char, std::char_traits<char>, std::allocator<char> >(std::basic_string<char, std::char_traits<char>, std::allocator<char> > const&, char const*)
  0.00     13.01     0.00    68578     0.00     0.00  WordList::addWord(std::string)
  0.00     13.01     0.00    68578     0.00     0.00  NgramList::getNextNgram(__gnu_cxx::__normal_iterator<std::string const*, std::vector<std::string, std::allocator<std::string> > >, __gnu_cxx::__normal_iterator<std::string const*, std::vector<std::string, std::allocator<std::string> > >)
  0.00     13.01     0.00    68578     0.00     0.00  _ZN9__gnu_cxx13new_allocatorISsE9constructISsIRKSsEEEvPT_DpOT0_
  0.00     13.01     0.00    68578     0.00     0.00  _ZNSt16allocator_traitsISaISsEE12_S_constructISsIRKSsEEENSt9enable_ifIXsrNS1_18__construct_helperIT_IDpT0_EEE5valueEvE4typeERS0_PS7_DpOS8_
  0.00     13.01     0.00    68578     0.00     0.00  decltype (_S_construct({parm#1}, {parm#2}, (forward<std::string const&>)({parm#3}))) std::allocator_traits<std::allocator<std::string> >::construct<std::string, std::string const&>(std::allocator<std::string>&, std::string*, std::string const&)
  0.00     13.01     0.00    68578     0.00     0.00  std::vector<std::string, std::allocator<std::string> >::push_back(std::string const&)
  0.00     13.01     0.00    53509     0.00     0.00  NgramList::Ngram::Ngram()
  0.00     13.01     0.00    53509     0.00     0.00  std::basic_string<char, std::char_traits<char>, std::allocator<char> > std::operator+<char, std::char_traits<char>, std::allocator<char> >(std::basic_string<char, std::char_traits<char>, std::allocator<char> > const&, char const*)
  0.00     13.01     0.00    53509     0.00     0.00  std::basic_string<char, std::char_traits<char>, std::allocator<char> > std::operator+<char, std::char_traits<char>, std::allocator<char> >(std::basic_string<char, std::char_traits<char>, std::allocator<char> > const&, std::basic_string<char, std::char_traits<char>, std::allocator<char> > const&)
  0.00     13.01     0.00       90     0.00     0.00  std::vector<std::string, std::allocator<std::string> >::size() const
  0.00     13.01     0.00       54     0.00     0.00  __gnu_cxx::new_allocator<std::string>::max_size() const
  0.00     13.01     0.00       37     0.00     0.00  std::_Vector_base<std::string, std::allocator<std::string> >::_M_get_Tp_allocator()
  0.00     13.01     0.00       36     0.00     0.00  std::_Vector_base<std::string, std::allocator<std::string> >::_M_get_Tp_allocator() const
  0.00     13.01     0.00       36     0.00     0.00  std::vector<std::string, std::allocator<std::string> >::max_size() const
  0.00     13.01     0.00       36     0.00     0.00  std::move_iterator<std::string*>::move_iterator(std::string*)
  0.00     13.01     0.00       36     0.00     0.00  std::enable_if<std::allocator_traits<std::allocator<std::string> >::__maxsize_helper<std::allocator<std::string> const>::value, unsigned long>::type std::allocator_traits<std::allocator<std::string> >::_S_max_size<std::allocator<std::string> const>(std::allocator<std::string> const&)
  0.00     13.01     0.00       36     0.00     0.00  std::allocator_traits<std::allocator<std::string> >::max_size(std::allocator<std::string> const&)
  0.00     13.01     0.00       36     0.00     0.00  std::move_iterator<std::string*> std::__make_move_if_noexcept_iterator<std::string*, std::move_iterator<std::string*> >(std::string*)
  0.00     13.01     0.00       19     0.00     0.00  void std::_Destroy_aux<false>::__destroy<std::string*>(std::string*, std::string*)
  0.00     13.01     0.00       19     0.00     0.00  std::_Vector_base<std::string, std::allocator<std::string> >::_M_deallocate(std::string*, unsigned long)
  0.00     13.01     0.00       19     0.00     0.00  void std::_Destroy<std::string*>(std::string*, std::string*)
  0.00     13.01     0.00       19     0.00     0.00  void std::_Destroy<std::string*, std::string>(std::string*, std::string*, std::allocator<std::string>&)
  0.00     13.01     0.00       18     0.00     0.00  __gnu_cxx::new_allocator<std::string>::deallocate(std::string*, unsigned long)
  0.00     13.01     0.00       18     0.00     0.00  __gnu_cxx::new_allocator<std::string>::allocate(unsigned long, void const*)
  0.00     13.01     0.00       18     0.00     0.00  std::vector<std::string, std::allocator<std::string> >::_M_check_len(unsigned long, char const*) const
  0.00     13.01     0.00       18     0.00     0.00  std::_Vector_base<std::string, std::allocator<std::string> >::_M_allocate(unsigned long)
  0.00     13.01     0.00       18     0.00     0.00  std::string* std::__uninitialized_copy<false>::__uninit_copy<std::move_iterator<std::string*>, std::string*>(std::move_iterator<std::string*>, std::move_iterator<std::string*>, std::string*)
  0.00     13.01     0.00       18     0.00     0.00  void std::vector<std::string, std::allocator<std::string> >::_M_emplace_back_aux<std::string const&>(std::string const&)
  0.00     13.01     0.00       18     0.00     0.00  std::string* std::uninitialized_copy<std::move_iterator<std::string*>, std::string*>(std::move_iterator<std::string*>, std::move_iterator<std::string*>, std::string*)
  0.00     13.01     0.00       18     0.00     0.00  std::string* std::__uninitialized_copy_a<std::move_iterator<std::string*>, std::string*, std::string>(std::move_iterator<std::string*>, std::move_iterator<std::string*>, std::string*, std::allocator<std::string>&)
  0.00     13.01     0.00       18     0.00     0.00  std::string* std::__uninitialized_move_if_noexcept_a<std::string*, std::string*, std::allocator<std::string> >(std::string*, std::string*, std::string*, std::allocator<std::string>&)
  0.00     13.01     0.00       18     0.00     0.00  unsigned long const& std::max<unsigned long>(unsigned long const&, unsigned long const&)
  0.00     13.01     0.00        1     0.00     0.00  _GLOBAL__sub_I__ZN8WordListC2Ev
  0.00     13.01     0.00        1     0.00     0.00  _GLOBAL__sub_I_main
  0.00     13.01     0.00        1     0.00     0.00  __static_initialization_and_destruction_0(int, int)
  0.00     13.01     0.00        1     0.00     0.00  __static_initialization_and_destruction_0(int, int)
  0.00     13.01     0.00        1     0.00     0.00  __static_initialization_and_destruction_0(int, int)
  0.00     13.01     0.00        1     0.00     0.00  usage(int, char**, int&, std::string&)
  0.00     13.01     0.00        1     0.00     0.00  WordList::WordList()
  0.00     13.01     0.00        1     0.00     0.00  WordList::~WordList()
  0.00     13.01     0.00        1     0.00     4.45  NgramList::NgramList(int, WordList const&)
  0.00     13.01     0.00        1     0.00     0.00  NgramList::~NgramList()
  0.00     13.01     0.00        1     0.00     0.00  __gnu_cxx::new_allocator<std::string>::new_allocator()
  0.00     13.01     0.00        1     0.00     0.00  __gnu_cxx::new_allocator<std::string>::~new_allocator()
  0.00     13.01     0.00        1     0.00     0.00  __gnu_cxx::__normal_iterator<std::string const*, std::vector<std::string, std::allocator<std::string> > >::__normal_iterator()
  0.00     13.01     0.00        1     0.00     0.00  std::vector<std::string, std::allocator<std::string> >::begin() const
  0.00     13.01     0.00        1     0.00     0.00  std::allocator<std::string>::allocator()
  0.00     13.01     0.00        1     0.00     0.00  std::allocator<std::string>::~allocator()
  0.00     13.01     0.00        1     0.00     0.00  std::_Vector_base<std::string, std::allocator<std::string> >::_Vector_impl::_Vector_impl()
  0.00     13.01     0.00        1     0.00     0.00  std::_Vector_base<std::string, std::allocator<std::string> >::_Vector_impl::~_Vector_impl()
  0.00     13.01     0.00        1     0.00     0.00  std::_Vector_base<std::string, std::allocator<std::string> >::_Vector_base()
  0.00     13.01     0.00        1     0.00     0.00  std::_Vector_base<std::string, std::allocator<std::string> >::~_Vector_base()
  0.00     13.01     0.00        1     0.00     0.00  std::vector<std::string, std::allocator<std::string> >::vector()
  0.00     13.01     0.00        1     0.00     0.00  std::vector<std::string, std::allocator<std::string> >::~vector()
  0.00     13.01     0.00        1     0.00     0.00  operator<<(std::ostream&, NgramList const&)

 %         the percentage of the total running time of the
time       program used by this function.

cumulative a running sum of the number of seconds accounted
 seconds   for by this function and those listed above it.

 self      the number of seconds accounted for by this
seconds    function alone.  This is the major sort for this
           listing.

calls      the number of times this function was invoked, if
           this function is profiled, else blank.

 self      the average number of milliseconds spent in this
ms/call    function per call, if this function is profiled,
	   else blank.

 total     the average number of milliseconds spent in this
ms/call    function and its descendents per call, if this
	   function is profiled, else blank.

name       the name of the function.  This is the minor sort
           for this listing. The index shows the location of
	   the function in the gprof listing. If the index is
	   in parenthesis it shows where it would appear in
	   the gprof listing if it were to be printed.

Copyright (C) 2012-2016 Free Software Foundation, Inc.

Copying and distribution of this file, with or without modification,
are permitted in any medium without royalty provided the copyright
notice and this notice are preserved.

		     Call graph (explanation follows)


granularity: each sample hit covers 2 byte(s) for 0.08% of 13.01 seconds

index % time    self  children    called     name
                                                 <spontaneous>
[1]    100.0    0.01   13.00                 main [1]
                8.54    0.00       1/1           NgramList::sortByCount() [2]
                0.00    4.45       1/1           NgramList::NgramList(int, WordList const&) [4]
                0.00    0.01   68578/68578       WordList::addWord(std::string) [8]
                0.00    0.00       1/1           WordList::WordList() [72]
                0.00    0.00       1/1           usage(int, char**, int&, std::string&) [71]
                0.00    0.00       1/1           operator<<(std::ostream&, NgramList const&) [87]
                0.00    0.00       1/1           NgramList::~NgramList() [74]
                0.00    0.00       1/1           WordList::~WordList() [73]
-----------------------------------------------
                8.54    0.00       1/1           main [1]
[2]     65.6    8.54    0.00       1         NgramList::sortByCount() [2]
-----------------------------------------------
                1.38    3.07   53509/53509       NgramList::NgramList(int, WordList const&) [4]
[3]     34.2    1.38    3.07   53509         NgramList::insertNgram(std::string) [3]
                2.96    0.11 796261558/796261558     __gnu_cxx::__enable_if<std::__is_char<char>::__value, bool>::__type std::operator==<char>(std::basic_string<char, std::char_traits<char>, std::allocator<char> > const&, std::basic_string<char, std::char_traits<char>, std::allocator<char> > const&) [5]
                0.00    0.00   53509/53509       NgramList::Ngram::Ngram() [41]
-----------------------------------------------
                0.00    4.45       1/1           main [1]
[4]     34.2    0.00    4.45       1         NgramList::NgramList(int, WordList const&) [4]
                1.38    3.07   53509/53509       NgramList::insertNgram(std::string) [3]
                0.00    0.00  137157/137157      std::vector<std::string, std::allocator<std::string> >::end() const [30]
                0.00    0.00   68579/190696      bool __gnu_cxx::operator!=<std::string const*, std::vector<std::string, std::allocator<std::string> > >(__gnu_cxx::__normal_iterator<std::string const*, std::vector<std::string, std::allocator<std::string> > > const&, __gnu_cxx::__normal_iterator<std::string const*, std::vector<std::string, std::allocator<std::string> > > const&) [28]
                0.00    0.00   68578/68578       NgramList::getNextNgram(__gnu_cxx::__normal_iterator<std::string const*, std::vector<std::string, std::allocator<std::string> > >, __gnu_cxx::__normal_iterator<std::string const*, std::vector<std::string, std::allocator<std::string> > >) [40]
                0.00    0.00   68578/175626      __gnu_cxx::__normal_iterator<std::string const*, std::vector<std::string, std::allocator<std::string> > >::operator++(int) [29]
                0.00    0.00       1/1           __gnu_cxx::__normal_iterator<std::string const*, std::vector<std::string, std::allocator<std::string> > >::__normal_iterator() [77]
                0.00    0.00       1/1           std::vector<std::string, std::allocator<std::string> >::begin() const [78]
-----------------------------------------------
                2.96    0.11 796261558/796261558     NgramList::insertNgram(std::string) [3]
[5]     23.6    2.96    0.11 796261558         __gnu_cxx::__enable_if<std::__is_char<char>::__value, bool>::__type std::operator==<char>(std::basic_string<char, std::char_traits<char>, std::allocator<char> > const&, std::basic_string<char, std::char_traits<char>, std::allocator<char> > const&) [5]
                0.11    0.00 84052652/84052652     std::char_traits<char>::compare(char const*, char const*, unsigned long) [6]
-----------------------------------------------
                0.11    0.00 84052652/84052652     __gnu_cxx::__enable_if<std::__is_char<char>::__value, bool>::__type std::operator==<char>(std::basic_string<char, std::char_traits<char>, std::allocator<char> > const&, std::basic_string<char, std::char_traits<char>, std::allocator<char> > const&) [5]
[6]      0.8    0.11    0.00 84052652         std::char_traits<char>::compare(char const*, char const*, unsigned long) [6]
-----------------------------------------------
                0.00    0.00      18/205752      void std::vector<std::string, std::allocator<std::string> >::_M_emplace_back_aux<std::string const&>(std::string const&) [15]
                0.00    0.00   68578/205752      decltype (_S_construct({parm#1}, {parm#2}, (forward<std::string const&>)({parm#3}))) std::allocator_traits<std::allocator<std::string> >::construct<std::string, std::string const&>(std::allocator<std::string>&, std::string*, std::string const&) [10]
                0.00    0.00   68578/205752      _ZNSt16allocator_traitsISaISsEE12_S_constructISsIRKSsEEENSt9enable_ifIXsrNS1_18__construct_helperIT_IDpT0_EEE5valueEvE4typeERS0_PS7_DpOS8_ [11]
                0.00    0.00   68578/205752      _ZN9__gnu_cxx13new_allocatorISsE9constructISsIRKSsEEEvPT_DpOT0_ [14]
[7]      0.1    0.01    0.00  205752         std::string const& std::forward<std::string const&>(std::remove_reference<std::string const&>::type&) [7]
-----------------------------------------------
                0.00    0.01   68578/68578       main [1]
[8]      0.1    0.00    0.01   68578         WordList::addWord(std::string) [8]
                0.00    0.01   68578/68578       std::vector<std::string, std::allocator<std::string> >::push_back(std::string const&) [9]
-----------------------------------------------
                0.00    0.01   68578/68578       WordList::addWord(std::string) [8]
[9]      0.1    0.00    0.01   68578         std::vector<std::string, std::allocator<std::string> >::push_back(std::string const&) [9]
                0.00    0.01   68560/68578       decltype (_S_construct({parm#1}, {parm#2}, (forward<std::string const&>)({parm#3}))) std::allocator_traits<std::allocator<std::string> >::construct<std::string, std::string const&>(std::allocator<std::string>&, std::string*, std::string const&) [10]
                0.00    0.00      18/18          void std::vector<std::string, std::allocator<std::string> >::_M_emplace_back_aux<std::string const&>(std::string const&) [15]
-----------------------------------------------
                0.00    0.00      18/68578       void std::vector<std::string, std::allocator<std::string> >::_M_emplace_back_aux<std::string const&>(std::string const&) [15]
                0.00    0.01   68560/68578       std::vector<std::string, std::allocator<std::string> >::push_back(std::string const&) [9]
[10]     0.1    0.00    0.01   68578         decltype (_S_construct({parm#1}, {parm#2}, (forward<std::string const&>)({parm#3}))) std::allocator_traits<std::allocator<std::string> >::construct<std::string, std::string const&>(std::allocator<std::string>&, std::string*, std::string const&) [10]
                0.00    0.01   68578/68578       _ZNSt16allocator_traitsISaISsEE12_S_constructISsIRKSsEEENSt9enable_ifIXsrNS1_18__construct_helperIT_IDpT0_EEE5valueEvE4typeERS0_PS7_DpOS8_ [11]
                0.00    0.00   68578/205752      std::string const& std::forward<std::string const&>(std::remove_reference<std::string const&>::type&) [7]
-----------------------------------------------
                0.00    0.01   68578/68578       decltype (_S_construct({parm#1}, {parm#2}, (forward<std::string const&>)({parm#3}))) std::allocator_traits<std::allocator<std::string> >::construct<std::string, std::string const&>(std::allocator<std::string>&, std::string*, std::string const&) [10]
[11]     0.1    0.00    0.01   68578         _ZNSt16allocator_traitsISaISsEE12_S_constructISsIRKSsEEENSt9enable_ifIXsrNS1_18__construct_helperIT_IDpT0_EEE5valueEvE4typeERS0_PS7_DpOS8_ [11]
                0.00    0.00   68578/205752      std::string const& std::forward<std::string const&>(std::remove_reference<std::string const&>::type&) [7]
                0.00    0.00   68578/68578       _ZN9__gnu_cxx13new_allocatorISsE9constructISsIRKSsEEEvPT_DpOT0_ [14]
-----------------------------------------------
                0.01    0.00       1/1           __libc_csu_init [13]
[12]     0.0    0.01    0.00       1         _GLOBAL__sub_I__ZN9NgramListC2EiRK8WordList [12]
                0.00    0.00       1/1           __static_initialization_and_destruction_0(int, int) [68]
-----------------------------------------------
                                                 <spontaneous>
[13]     0.0    0.00    0.01                 __libc_csu_init [13]
                0.01    0.00       1/1           _GLOBAL__sub_I__ZN9NgramListC2EiRK8WordList [12]
                0.00    0.00       1/1           _GLOBAL__sub_I_main [67]
                0.00    0.00       1/1           _GLOBAL__sub_I__ZN8WordListC2Ev [66]
-----------------------------------------------
                0.00    0.00   68578/68578       _ZNSt16allocator_traitsISaISsEE12_S_constructISsIRKSsEEENSt9enable_ifIXsrNS1_18__construct_helperIT_IDpT0_EEE5valueEvE4typeERS0_PS7_DpOS8_ [11]
[14]     0.0    0.00    0.00   68578         _ZN9__gnu_cxx13new_allocatorISsE9constructISsIRKSsEEEvPT_DpOT0_ [14]
                0.00    0.00   68578/205752      std::string const& std::forward<std::string const&>(std::remove_reference<std::string const&>::type&) [7]
                0.00    0.00   68578/199649      operator new(unsigned long, void*) [27]
-----------------------------------------------
                0.00    0.00      18/18          std::vector<std::string, std::allocator<std::string> >::push_back(std::string const&) [9]
[15]     0.0    0.00    0.00      18         void std::vector<std::string, std::allocator<std::string> >::_M_emplace_back_aux<std::string const&>(std::string const&) [15]
                0.00    0.00      18/68578       decltype (_S_construct({parm#1}, {parm#2}, (forward<std::string const&>)({parm#3}))) std::allocator_traits<std::allocator<std::string> >::construct<std::string, std::string const&>(std::allocator<std::string>&, std::string*, std::string const&) [10]
                0.00    0.00      18/205752      std::string const& std::forward<std::string const&>(std::remove_reference<std::string const&>::type&) [7]
                0.00    0.00      36/37          std::_Vector_base<std::string, std::allocator<std::string> >::_M_get_Tp_allocator() [46]
                0.00    0.00      18/18          std::vector<std::string, std::allocator<std::string> >::_M_check_len(unsigned long, char const*) const [59]
                0.00    0.00      18/18          std::_Vector_base<std::string, std::allocator<std::string> >::_M_allocate(unsigned long) [60]
                0.00    0.00      18/90          std::vector<std::string, std::allocator<std::string> >::size() const [44]
                0.00    0.00      18/18          std::string* std::__uninitialized_move_if_noexcept_a<std::string*, std::string*, std::allocator<std::string> >(std::string*, std::string*, std::string*, std::allocator<std::string>&) [64]
                0.00    0.00      18/19          void std::_Destroy<std::string*, std::string>(std::string*, std::string*, std::allocator<std::string>&) [56]
                0.00    0.00      18/19          std::_Vector_base<std::string, std::allocator<std::string> >::_M_deallocate(std::string*, unsigned long) [54]
-----------------------------------------------
                0.00    0.00  381392/381392      bool __gnu_cxx::operator!=<std::string const*, std::vector<std::string, std::allocator<std::string> > >(__gnu_cxx::__normal_iterator<std::string const*, std::vector<std::string, std::allocator<std::string> > > const&, __gnu_cxx::__normal_iterator<std::string const*, std::vector<std::string, std::allocator<std::string> > > const&) [28]
[22]     0.0    0.00    0.00  381392         __gnu_cxx::__normal_iterator<std::string const*, std::vector<std::string, std::allocator<std::string> > >::base() const [22]
-----------------------------------------------
                0.00    0.00  131071/330720      std::string* std::__uninitialized_copy<false>::__uninit_copy<std::move_iterator<std::string*>, std::string*>(std::move_iterator<std::string*>, std::move_iterator<std::string*>, std::string*) [61]
                0.00    0.00  199649/330720      void std::_Destroy_aux<false>::__destroy<std::string*>(std::string*, std::string*) [53]
[23]     0.0    0.00    0.00  330720         std::string* std::__addressof<std::string>(std::string&) [23]
-----------------------------------------------
                0.00    0.00       1/312784      std::vector<std::string, std::allocator<std::string> >::begin() const [78]
                0.00    0.00  137157/312784      std::vector<std::string, std::allocator<std::string> >::end() const [30]
                0.00    0.00  175626/312784      __gnu_cxx::__normal_iterator<std::string const*, std::vector<std::string, std::allocator<std::string> > >::operator++(int) [29]
[24]     0.0    0.00    0.00  312784         __gnu_cxx::__normal_iterator<std::string const*, std::vector<std::string, std::allocator<std::string> > >::__normal_iterator(std::string const* const&) [24]
-----------------------------------------------
                0.00    0.00  262178/262178      bool std::operator==<std::string*>(std::move_iterator<std::string*> const&, std::move_iterator<std::string*> const&) [31]
[25]     0.0    0.00    0.00  262178         std::move_iterator<std::string*>::base() const [25]
-----------------------------------------------
                0.00    0.00  199649/199649      void std::_Destroy_aux<false>::__destroy<std::string*>(std::string*, std::string*) [53]
[26]     0.0    0.00    0.00  199649         void std::_Destroy<std::string>(std::string*) [26]
-----------------------------------------------
                0.00    0.00   68578/199649      _ZN9__gnu_cxx13new_allocatorISsE9constructISsIRKSsEEEvPT_DpOT0_ [14]
                0.00    0.00  131071/199649      void std::_Construct<std::string, std::string>(std::string*, std::string&&) [35]
[27]     0.0    0.00    0.00  199649         operator new(unsigned long, void*) [27]
-----------------------------------------------
                0.00    0.00   68579/190696      NgramList::NgramList(int, WordList const&) [4]
                0.00    0.00  122117/190696      NgramList::getNextNgram(__gnu_cxx::__normal_iterator<std::string const*, std::vector<std::string, std::allocator<std::string> > >, __gnu_cxx::__normal_iterator<std::string const*, std::vector<std::string, std::allocator<std::string> > >) [40]
[28]     0.0    0.00    0.00  190696         bool __gnu_cxx::operator!=<std::string const*, std::vector<std::string, std::allocator<std::string> > >(__gnu_cxx::__normal_iterator<std::string const*, std::vector<std::string, std::allocator<std::string> > > const&, __gnu_cxx::__normal_iterator<std::string const*, std::vector<std::string, std::allocator<std::string> > > const&) [28]
                0.00    0.00  381392/381392      __gnu_cxx::__normal_iterator<std::string const*, std::vector<std::string, std::allocator<std::string> > >::base() const [22]
-----------------------------------------------
                0.00    0.00   68578/175626      NgramList::NgramList(int, WordList const&) [4]
                0.00    0.00  107048/175626      NgramList::getNextNgram(__gnu_cxx::__normal_iterator<std::string const*, std::vector<std::string, std::allocator<std::string> > >, __gnu_cxx::__normal_iterator<std::string const*, std::vector<std::string, std::allocator<std::string> > >) [40]
[29]     0.0    0.00    0.00  175626         __gnu_cxx::__normal_iterator<std::string const*, std::vector<std::string, std::allocator<std::string> > >::operator++(int) [29]
                0.00    0.00  175626/312784      __gnu_cxx::__normal_iterator<std::string const*, std::vector<std::string, std::allocator<std::string> > >::__normal_iterator(std::string const* const&) [24]
-----------------------------------------------
                0.00    0.00  137157/137157      NgramList::NgramList(int, WordList const&) [4]
[30]     0.0    0.00    0.00  137157         std::vector<std::string, std::allocator<std::string> >::end() const [30]
                0.00    0.00  137157/312784      __gnu_cxx::__normal_iterator<std::string const*, std::vector<std::string, std::allocator<std::string> > >::__normal_iterator(std::string const* const&) [24]
-----------------------------------------------
                0.00    0.00  131089/131089      bool std::operator!=<std::string*>(std::move_iterator<std::string*> const&, std::move_iterator<std::string*> const&) [32]
[31]     0.0    0.00    0.00  131089         bool std::operator==<std::string*>(std::move_iterator<std::string*> const&, std::move_iterator<std::string*> const&) [31]
                0.00    0.00  262178/262178      std::move_iterator<std::string*>::base() const [25]
-----------------------------------------------
                0.00    0.00  131089/131089      std::string* std::__uninitialized_copy<false>::__uninit_copy<std::move_iterator<std::string*>, std::string*>(std::move_iterator<std::string*>, std::move_iterator<std::string*>, std::string*) [61]
[32]     0.0    0.00    0.00  131089         bool std::operator!=<std::string*>(std::move_iterator<std::string*> const&, std::move_iterator<std::string*> const&) [32]
                0.00    0.00  131089/131089      bool std::operator==<std::string*>(std::move_iterator<std::string*> const&, std::move_iterator<std::string*> const&) [31]
-----------------------------------------------
                0.00    0.00  131071/131071      std::string* std::__uninitialized_copy<false>::__uninit_copy<std::move_iterator<std::string*>, std::string*>(std::move_iterator<std::string*>, std::move_iterator<std::string*>, std::string*) [61]
[33]     0.0    0.00    0.00  131071         std::move_iterator<std::string*>::operator*() const [33]
                0.00    0.00  131071/131071      std::remove_reference<std::string&>::type&& std::move<std::string&>(std::string&) [36]
-----------------------------------------------
                0.00    0.00  131071/131071      std::string* std::__uninitialized_copy<false>::__uninit_copy<std::move_iterator<std::string*>, std::string*>(std::move_iterator<std::string*>, std::move_iterator<std::string*>, std::string*) [61]
[34]     0.0    0.00    0.00  131071         std::move_iterator<std::string*>::operator++() [34]
-----------------------------------------------
                0.00    0.00  131071/131071      std::string* std::__uninitialized_copy<false>::__uninit_copy<std::move_iterator<std::string*>, std::string*>(std::move_iterator<std::string*>, std::move_iterator<std::string*>, std::string*) [61]
[35]     0.0    0.00    0.00  131071         void std::_Construct<std::string, std::string>(std::string*, std::string&&) [35]
                0.00    0.00  131071/131071      std::string&& std::forward<std::string>(std::remove_reference<std::string>::type&) [37]
                0.00    0.00  131071/199649      operator new(unsigned long, void*) [27]
-----------------------------------------------
                0.00    0.00  131071/131071      std::move_iterator<std::string*>::operator*() const [33]
[36]     0.0    0.00    0.00  131071         std::remove_reference<std::string&>::type&& std::move<std::string&>(std::string&) [36]
-----------------------------------------------
                0.00    0.00  131071/131071      void std::_Construct<std::string, std::string>(std::string*, std::string&&) [35]
[37]     0.0    0.00    0.00  131071         std::string&& std::forward<std::string>(std::remove_reference<std::string>::type&) [37]
-----------------------------------------------
                0.00    0.00  122116/122116      NgramList::getNextNgram(__gnu_cxx::__normal_iterator<std::string const*, std::vector<std::string, std::allocator<std::string> > >, __gnu_cxx::__normal_iterator<std::string const*, std::vector<std::string, std::allocator<std::string> > >) [40]
[38]     0.0    0.00    0.00  122116         __gnu_cxx::__normal_iterator<std::string const*, std::vector<std::string, std::allocator<std::string> > >::operator*() const [38]
-----------------------------------------------
                0.00    0.00  107048/107048      NgramList::getNextNgram(__gnu_cxx::__normal_iterator<std::string const*, std::vector<std::string, std::allocator<std::string> > >, __gnu_cxx::__normal_iterator<std::string const*, std::vector<std::string, std::allocator<std::string> > >) [40]
[39]     0.0    0.00    0.00  107048         bool std::operator==<char, std::char_traits<char>, std::allocator<char> >(std::basic_string<char, std::char_traits<char>, std::allocator<char> > const&, char const*) [39]
-----------------------------------------------
                0.00    0.00   68578/68578       NgramList::NgramList(int, WordList const&) [4]
[40]     0.0    0.00    0.00   68578         NgramList::getNextNgram(__gnu_cxx::__normal_iterator<std::string const*, std::vector<std::string, std::allocator<std::string> > >, __gnu_cxx::__normal_iterator<std::string const*, std::vector<std::string, std::allocator<std::string> > >) [40]
                0.00    0.00  122117/190696      bool __gnu_cxx::operator!=<std::string const*, std::vector<std::string, std::allocator<std::string> > >(__gnu_cxx::__normal_iterator<std::string const*, std::vector<std::string, std::allocator<std::string> > > const&, __gnu_cxx::__normal_iterator<std::string const*, std::vector<std::string, std::allocator<std::string> > > const&) [28]
                0.00    0.00  122116/122116      __gnu_cxx::__normal_iterator<std::string const*, std::vector<std::string, std::allocator<std::string> > >::operator*() const [38]
                0.00    0.00  107048/107048      bool std::operator==<char, std::char_traits<char>, std::allocator<char> >(std::basic_string<char, std::char_traits<char>, std::allocator<char> > const&, char const*) [39]
                0.00    0.00  107048/175626      __gnu_cxx::__normal_iterator<std::string const*, std::vector<std::string, std::allocator<std::string> > >::operator++(int) [29]
                0.00    0.00   53509/53509       std::basic_string<char, std::char_traits<char>, std::allocator<char> > std::operator+<char, std::char_traits<char>, std::allocator<char> >(std::basic_string<char, std::char_traits<char>, std::allocator<char> > const&, char const*) [42]
                0.00    0.00   53509/53509       std::basic_string<char, std::char_traits<char>, std::allocator<char> > std::operator+<char, std::char_traits<char>, std::allocator<char> >(std::basic_string<char, std::char_traits<char>, std::allocator<char> > const&, std::basic_string<char, std::char_traits<char>, std::allocator<char> > const&) [43]
-----------------------------------------------
                0.00    0.00   53509/53509       NgramList::insertNgram(std::string) [3]
[41]     0.0    0.00    0.00   53509         NgramList::Ngram::Ngram() [41]
-----------------------------------------------
                0.00    0.00   53509/53509       NgramList::getNextNgram(__gnu_cxx::__normal_iterator<std::string const*, std::vector<std::string, std::allocator<std::string> > >, __gnu_cxx::__normal_iterator<std::string const*, std::vector<std::string, std::allocator<std::string> > >) [40]
[42]     0.0    0.00    0.00   53509         std::basic_string<char, std::char_traits<char>, std::allocator<char> > std::operator+<char, std::char_traits<char>, std::allocator<char> >(std::basic_string<char, std::char_traits<char>, std::allocator<char> > const&, char const*) [42]
-----------------------------------------------
                0.00    0.00   53509/53509       NgramList::getNextNgram(__gnu_cxx::__normal_iterator<std::string const*, std::vector<std::string, std::allocator<std::string> > >, __gnu_cxx::__normal_iterator<std::string const*, std::vector<std::string, std::allocator<std::string> > >) [40]
[43]     0.0    0.00    0.00   53509         std::basic_string<char, std::char_traits<char>, std::allocator<char> > std::operator+<char, std::char_traits<char>, std::allocator<char> >(std::basic_string<char, std::char_traits<char>, std::allocator<char> > const&, std::basic_string<char, std::char_traits<char>, std::allocator<char> > const&) [43]
-----------------------------------------------
                0.00    0.00      18/90          void std::vector<std::string, std::allocator<std::string> >::_M_emplace_back_aux<std::string const&>(std::string const&) [15]
                0.00    0.00      72/90          std::vector<std::string, std::allocator<std::string> >::_M_check_len(unsigned long, char const*) const [59]
[44]     0.0    0.00    0.00      90         std::vector<std::string, std::allocator<std::string> >::size() const [44]
-----------------------------------------------
                0.00    0.00      18/54          __gnu_cxx::new_allocator<std::string>::allocate(unsigned long, void const*) [58]
                0.00    0.00      36/54          std::enable_if<std::allocator_traits<std::allocator<std::string> >::__maxsize_helper<std::allocator<std::string> const>::value, unsigned long>::type std::allocator_traits<std::allocator<std::string> >::_S_max_size<std::allocator<std::string> const>(std::allocator<std::string> const&) [50]
[45]     0.0    0.00    0.00      54         __gnu_cxx::new_allocator<std::string>::max_size() const [45]
-----------------------------------------------
                0.00    0.00       1/37          std::vector<std::string, std::allocator<std::string> >::~vector() [86]
                0.00    0.00      36/37          void std::vector<std::string, std::allocator<std::string> >::_M_emplace_back_aux<std::string const&>(std::string const&) [15]
[46]     0.0    0.00    0.00      37         std::_Vector_base<std::string, std::allocator<std::string> >::_M_get_Tp_allocator() [46]
-----------------------------------------------
                0.00    0.00      36/36          std::vector<std::string, std::allocator<std::string> >::max_size() const [48]
[47]     0.0    0.00    0.00      36         std::_Vector_base<std::string, std::allocator<std::string> >::_M_get_Tp_allocator() const [47]
-----------------------------------------------
                0.00    0.00      36/36          std::vector<std::string, std::allocator<std::string> >::_M_check_len(unsigned long, char const*) const [59]
[48]     0.0    0.00    0.00      36         std::vector<std::string, std::allocator<std::string> >::max_size() const [48]
                0.00    0.00      36/36          std::_Vector_base<std::string, std::allocator<std::string> >::_M_get_Tp_allocator() const [47]
                0.00    0.00      36/36          std::allocator_traits<std::allocator<std::string> >::max_size(std::allocator<std::string> const&) [51]
-----------------------------------------------
                0.00    0.00      36/36          std::move_iterator<std::string*> std::__make_move_if_noexcept_iterator<std::string*, std::move_iterator<std::string*> >(std::string*) [52]
[49]     0.0    0.00    0.00      36         std::move_iterator<std::string*>::move_iterator(std::string*) [49]
-----------------------------------------------
                0.00    0.00      36/36          std::allocator_traits<std::allocator<std::string> >::max_size(std::allocator<std::string> const&) [51]
[50]     0.0    0.00    0.00      36         std::enable_if<std::allocator_traits<std::allocator<std::string> >::__maxsize_helper<std::allocator<std::string> const>::value, unsigned long>::type std::allocator_traits<std::allocator<std::string> >::_S_max_size<std::allocator<std::string> const>(std::allocator<std::string> const&) [50]
                0.00    0.00      36/54          __gnu_cxx::new_allocator<std::string>::max_size() const [45]
-----------------------------------------------
                0.00    0.00      36/36          std::vector<std::string, std::allocator<std::string> >::max_size() const [48]
[51]     0.0    0.00    0.00      36         std::allocator_traits<std::allocator<std::string> >::max_size(std::allocator<std::string> const&) [51]
                0.00    0.00      36/36          std::enable_if<std::allocator_traits<std::allocator<std::string> >::__maxsize_helper<std::allocator<std::string> const>::value, unsigned long>::type std::allocator_traits<std::allocator<std::string> >::_S_max_size<std::allocator<std::string> const>(std::allocator<std::string> const&) [50]
-----------------------------------------------
                0.00    0.00      36/36          std::string* std::__uninitialized_move_if_noexcept_a<std::string*, std::string*, std::allocator<std::string> >(std::string*, std::string*, std::string*, std::allocator<std::string>&) [64]
[52]     0.0    0.00    0.00      36         std::move_iterator<std::string*> std::__make_move_if_noexcept_iterator<std::string*, std::move_iterator<std::string*> >(std::string*) [52]
                0.00    0.00      36/36          std::move_iterator<std::string*>::move_iterator(std::string*) [49]
-----------------------------------------------
                0.00    0.00      19/19          void std::_Destroy<std::string*>(std::string*, std::string*) [55]
[53]     0.0    0.00    0.00      19         void std::_Destroy_aux<false>::__destroy<std::string*>(std::string*, std::string*) [53]
                0.00    0.00  199649/330720      std::string* std::__addressof<std::string>(std::string&) [23]
                0.00    0.00  199649/199649      void std::_Destroy<std::string>(std::string*) [26]
-----------------------------------------------
                0.00    0.00       1/19          std::_Vector_base<std::string, std::allocator<std::string> >::~_Vector_base() [84]
                0.00    0.00      18/19          void std::vector<std::string, std::allocator<std::string> >::_M_emplace_back_aux<std::string const&>(std::string const&) [15]
[54]     0.0    0.00    0.00      19         std::_Vector_base<std::string, std::allocator<std::string> >::_M_deallocate(std::string*, unsigned long) [54]
                0.00    0.00      18/18          __gnu_cxx::new_allocator<std::string>::deallocate(std::string*, unsigned long) [57]
-----------------------------------------------
                0.00    0.00      19/19          void std::_Destroy<std::string*, std::string>(std::string*, std::string*, std::allocator<std::string>&) [56]
[55]     0.0    0.00    0.00      19         void std::_Destroy<std::string*>(std::string*, std::string*) [55]
                0.00    0.00      19/19          void std::_Destroy_aux<false>::__destroy<std::string*>(std::string*, std::string*) [53]
-----------------------------------------------
                0.00    0.00       1/19          std::vector<std::string, std::allocator<std::string> >::~vector() [86]
                0.00    0.00      18/19          void std::vector<std::string, std::allocator<std::string> >::_M_emplace_back_aux<std::string const&>(std::string const&) [15]
[56]     0.0    0.00    0.00      19         void std::_Destroy<std::string*, std::string>(std::string*, std::string*, std::allocator<std::string>&) [56]
                0.00    0.00      19/19          void std::_Destroy<std::string*>(std::string*, std::string*) [55]
-----------------------------------------------
                0.00    0.00      18/18          std::_Vector_base<std::string, std::allocator<std::string> >::_M_deallocate(std::string*, unsigned long) [54]
[57]     0.0    0.00    0.00      18         __gnu_cxx::new_allocator<std::string>::deallocate(std::string*, unsigned long) [57]
-----------------------------------------------
                0.00    0.00      18/18          std::_Vector_base<std::string, std::allocator<std::string> >::_M_allocate(unsigned long) [60]
[58]     0.0    0.00    0.00      18         __gnu_cxx::new_allocator<std::string>::allocate(unsigned long, void const*) [58]
                0.00    0.00      18/54          __gnu_cxx::new_allocator<std::string>::max_size() const [45]
-----------------------------------------------
                0.00    0.00      18/18          void std::vector<std::string, std::allocator<std::string> >::_M_emplace_back_aux<std::string const&>(std::string const&) [15]
[59]     0.0    0.00    0.00      18         std::vector<std::string, std::allocator<std::string> >::_M_check_len(unsigned long, char const*) const [59]
                0.00    0.00      72/90          std::vector<std::string, std::allocator<std::string> >::size() const [44]
                0.00    0.00      36/36          std::vector<std::string, std::allocator<std::string> >::max_size() const [48]
                0.00    0.00      18/18          unsigned long const& std::max<unsigned long>(unsigned long const&, unsigned long const&) [65]
-----------------------------------------------
                0.00    0.00      18/18          void std::vector<std::string, std::allocator<std::string> >::_M_emplace_back_aux<std::string const&>(std::string const&) [15]
[60]     0.0    0.00    0.00      18         std::_Vector_base<std::string, std::allocator<std::string> >::_M_allocate(unsigned long) [60]
                0.00    0.00      18/18          __gnu_cxx::new_allocator<std::string>::allocate(unsigned long, void const*) [58]
-----------------------------------------------
                0.00    0.00      18/18          std::string* std::uninitialized_copy<std::move_iterator<std::string*>, std::string*>(std::move_iterator<std::string*>, std::move_iterator<std::string*>, std::string*) [62]
[61]     0.0    0.00    0.00      18         std::string* std::__uninitialized_copy<false>::__uninit_copy<std::move_iterator<std::string*>, std::string*>(std::move_iterator<std::string*>, std::move_iterator<std::string*>, std::string*) [61]
                0.00    0.00  131089/131089      bool std::operator!=<std::string*>(std::move_iterator<std::string*> const&, std::move_iterator<std::string*> const&) [32]
                0.00    0.00  131071/131071      std::move_iterator<std::string*>::operator*() const [33]
                0.00    0.00  131071/131071      void std::_Construct<std::string, std::string>(std::string*, std::string&&) [35]
                0.00    0.00  131071/330720      std::string* std::__addressof<std::string>(std::string&) [23]
                0.00    0.00  131071/131071      std::move_iterator<std::string*>::operator++() [34]
-----------------------------------------------
                0.00    0.00      18/18          std::string* std::__uninitialized_copy_a<std::move_iterator<std::string*>, std::string*, std::string>(std::move_iterator<std::string*>, std::move_iterator<std::string*>, std::string*, std::allocator<std::string>&) [63]
[62]     0.0    0.00    0.00      18         std::string* std::uninitialized_copy<std::move_iterator<std::string*>, std::string*>(std::move_iterator<std::string*>, std::move_iterator<std::string*>, std::string*) [62]
                0.00    0.00      18/18          std::string* std::__uninitialized_copy<false>::__uninit_copy<std::move_iterator<std::string*>, std::string*>(std::move_iterator<std::string*>, std::move_iterator<std::string*>, std::string*) [61]
-----------------------------------------------
                0.00    0.00      18/18          std::string* std::__uninitialized_move_if_noexcept_a<std::string*, std::string*, std::allocator<std::string> >(std::string*, std::string*, std::string*, std::allocator<std::string>&) [64]
[63]     0.0    0.00    0.00      18         std::string* std::__uninitialized_copy_a<std::move_iterator<std::string*>, std::string*, std::string>(std::move_iterator<std::string*>, std::move_iterator<std::string*>, std::string*, std::allocator<std::string>&) [63]
                0.00    0.00      18/18          std::string* std::uninitialized_copy<std::move_iterator<std::string*>, std::string*>(std::move_iterator<std::string*>, std::move_iterator<std::string*>, std::string*) [62]
-----------------------------------------------
                0.00    0.00      18/18          void std::vector<std::string, std::allocator<std::string> >::_M_emplace_back_aux<std::string const&>(std::string const&) [15]
[64]     0.0    0.00    0.00      18         std::string* std::__uninitialized_move_if_noexcept_a<std::string*, std::string*, std::allocator<std::string> >(std::string*, std::string*, std::string*, std::allocator<std::string>&) [64]
                0.00    0.00      36/36          std::move_iterator<std::string*> std::__make_move_if_noexcept_iterator<std::string*, std::move_iterator<std::string*> >(std::string*) [52]
                0.00    0.00      18/18          std::string* std::__uninitialized_copy_a<std::move_iterator<std::string*>, std::string*, std::string>(std::move_iterator<std::string*>, std::move_iterator<std::string*>, std::string*, std::allocator<std::string>&) [63]
-----------------------------------------------
                0.00    0.00      18/18          std::vector<std::string, std::allocator<std::string> >::_M_check_len(unsigned long, char const*) const [59]
[65]     0.0    0.00    0.00      18         unsigned long const& std::max<unsigned long>(unsigned long const&, unsigned long const&) [65]
-----------------------------------------------
                0.00    0.00       1/1           __libc_csu_init [13]
[66]     0.0    0.00    0.00       1         _GLOBAL__sub_I__ZN8WordListC2Ev [66]
                0.00    0.00       1/1           __static_initialization_and_destruction_0(int, int) [69]
-----------------------------------------------
                0.00    0.00       1/1           __libc_csu_init [13]
[67]     0.0    0.00    0.00       1         _GLOBAL__sub_I_main [67]
                0.00    0.00       1/1           __static_initialization_and_destruction_0(int, int) [70]
-----------------------------------------------
                0.00    0.00       1/1           _GLOBAL__sub_I__ZN9NgramListC2EiRK8WordList [12]
[68]     0.0    0.00    0.00       1         __static_initialization_and_destruction_0(int, int) [68]
-----------------------------------------------
                0.00    0.00       1/1           _GLOBAL__sub_I__ZN8WordListC2Ev [66]
[69]     0.0    0.00    0.00       1         __static_initialization_and_destruction_0(int, int) [69]
-----------------------------------------------
                0.00    0.00       1/1           _GLOBAL__sub_I_main [67]
[70]     0.0    0.00    0.00       1         __static_initialization_and_destruction_0(int, int) [70]
-----------------------------------------------
                0.00    0.00       1/1           main [1]
[71]     0.0    0.00    0.00       1         usage(int, char**, int&, std::string&) [71]
-----------------------------------------------
                0.00    0.00       1/1           main [1]
[72]     0.0    0.00    0.00       1         WordList::WordList() [72]
                0.00    0.00       1/1           std::vector<std::string, std::allocator<std::string> >::vector() [85]
-----------------------------------------------
                0.00    0.00       1/1           main [1]
[73]     0.0    0.00    0.00       1         WordList::~WordList() [73]
                0.00    0.00       1/1           std::vector<std::string, std::allocator<std::string> >::~vector() [86]
-----------------------------------------------
                0.00    0.00       1/1           main [1]
[74]     0.0    0.00    0.00       1         NgramList::~NgramList() [74]
-----------------------------------------------
                0.00    0.00       1/1           std::allocator<std::string>::allocator() [79]
[75]     0.0    0.00    0.00       1         __gnu_cxx::new_allocator<std::string>::new_allocator() [75]
-----------------------------------------------
                0.00    0.00       1/1           std::allocator<std::string>::~allocator() [80]
[76]     0.0    0.00    0.00       1         __gnu_cxx::new_allocator<std::string>::~new_allocator() [76]
-----------------------------------------------
                0.00    0.00       1/1           NgramList::NgramList(int, WordList const&) [4]
[77]     0.0    0.00    0.00       1         __gnu_cxx::__normal_iterator<std::string const*, std::vector<std::string, std::allocator<std::string> > >::__normal_iterator() [77]
-----------------------------------------------
                0.00    0.00       1/1           NgramList::NgramList(int, WordList const&) [4]
[78]     0.0    0.00    0.00       1         std::vector<std::string, std::allocator<std::string> >::begin() const [78]
                0.00    0.00       1/312784      __gnu_cxx::__normal_iterator<std::string const*, std::vector<std::string, std::allocator<std::string> > >::__normal_iterator(std::string const* const&) [24]
-----------------------------------------------
                0.00    0.00       1/1           std::_Vector_base<std::string, std::allocator<std::string> >::_Vector_impl::_Vector_impl() [81]
[79]     0.0    0.00    0.00       1         std::allocator<std::string>::allocator() [79]
                0.00    0.00       1/1           __gnu_cxx::new_allocator<std::string>::new_allocator() [75]
-----------------------------------------------
                0.00    0.00       1/1           std::_Vector_base<std::string, std::allocator<std::string> >::_Vector_impl::~_Vector_impl() [82]
[80]     0.0    0.00    0.00       1         std::allocator<std::string>::~allocator() [80]
                0.00    0.00       1/1           __gnu_cxx::new_allocator<std::string>::~new_allocator() [76]
-----------------------------------------------
                0.00    0.00       1/1           std::_Vector_base<std::string, std::allocator<std::string> >::_Vector_base() [83]
[81]     0.0    0.00    0.00       1         std::_Vector_base<std::string, std::allocator<std::string> >::_Vector_impl::_Vector_impl() [81]
                0.00    0.00       1/1           std::allocator<std::string>::allocator() [79]
-----------------------------------------------
                0.00    0.00       1/1           std::_Vector_base<std::string, std::allocator<std::string> >::~_Vector_base() [84]
[82]     0.0    0.00    0.00       1         std::_Vector_base<std::string, std::allocator<std::string> >::_Vector_impl::~_Vector_impl() [82]
                0.00    0.00       1/1           std::allocator<std::string>::~allocator() [80]
-----------------------------------------------
                0.00    0.00       1/1           std::vector<std::string, std::allocator<std::string> >::vector() [85]
[83]     0.0    0.00    0.00       1         std::_Vector_base<std::string, std::allocator<std::string> >::_Vector_base() [83]
                0.00    0.00       1/1           std::_Vector_base<std::string, std::allocator<std::string> >::_Vector_impl::_Vector_impl() [81]
-----------------------------------------------
                0.00    0.00       1/1           std::vector<std::string, std::allocator<std::string> >::~vector() [86]
[84]     0.0    0.00    0.00       1         std::_Vector_base<std::string, std::allocator<std::string> >::~_Vector_base() [84]
                0.00    0.00       1/19          std::_Vector_base<std::string, std::allocator<std::string> >::_M_deallocate(std::string*, unsigned long) [54]
                0.00    0.00       1/1           std::_Vector_base<std::string, std::allocator<std::string> >::_Vector_impl::~_Vector_impl() [82]
-----------------------------------------------
                0.00    0.00       1/1           WordList::WordList() [72]
[85]     0.0    0.00    0.00       1         std::vector<std::string, std::allocator<std::string> >::vector() [85]
                0.00    0.00       1/1           std::_Vector_base<std::string, std::allocator<std::string> >::_Vector_base() [83]
-----------------------------------------------
                0.00    0.00       1/1           WordList::~WordList() [73]
[86]     0.0    0.00    0.00       1         std::vector<std::string, std::allocator<std::string> >::~vector() [86]
                0.00    0.00       1/37          std::_Vector_base<std::string, std::allocator<std::string> >::_M_get_Tp_allocator() [46]
                0.00    0.00       1/19          void std::_Destroy<std::string*, std::string>(std::string*, std::string*, std::allocator<std::string>&) [56]
                0.00    0.00       1/1           std::_Vector_base<std::string, std::allocator<std::string> >::~_Vector_base() [84]
-----------------------------------------------
                0.00    0.00       1/1           main [1]
[87]     0.0    0.00    0.00       1         operator<<(std::ostream&, NgramList const&) [87]
-----------------------------------------------

 This table describes the call tree of the program, and was sorted by
 the total amount of time spent in each function and its children.

 Each entry in this table consists of several lines.  The line with the
 index number at the left hand margin lists the current function.
 The lines above it list the functions that called this function,
 and the lines below it list the functions this one called.
 This line lists:
     index	A unique number given to each element of the table.
		Index numbers are sorted numerically.
		The index number is printed next to every function name so
		it is easier to look up where the function is in the table.

     % time	This is the percentage of the `total' time that was spent
		in this function and its children.  Note that due to
		different viewpoints, functions excluded by options, etc,
		these numbers will NOT add up to 100%.

     self	This is the total amount of time spent in this function.

     children	This is the total amount of time propagated into this
		function by its children.

     called	This is the number of times the function was called.
		If the function called itself recursively, the number
		only includes non-recursive calls, and is followed by
		a `+' and the number of recursive calls.

     name	The name of the current function.  The index number is
		printed after it.  If the function is a member of a
		cycle, the cycle number is printed between the
		function's name and the index number.


 For the function's parents, the fields have the following meanings:

     self	This is the amount of time that was propagated directly
		from the function into this parent.

     children	This is the amount of time that was propagated from
		the function's children into this parent.

     called	This is the number of times this parent called the
		function `/' the total number of times the function
		was called.  Recursive calls to the function are not
		included in the number after the `/'.

     name	This is the name of the parent.  The parent's index
		number is printed after it.  If the parent is a
		member of a cycle, the cycle number is printed between
		the name and the index number.

 If the parents of the function cannot be determined, the word
 `<spontaneous>' is printed in the `name' field, and all the other
 fields are blank.

 For the function's children, the fields have the following meanings:

     self	This is the amount of time that was propagated directly
		from the child into the function.

     children	This is the amount of time that was propagated from the
		child's children to the function.

     called	This is the number of times the function called
		this child `/' the total number of times the child
		was called.  Recursive calls by the child are not
		listed in the number after the `/'.

     name	This is the name of the child.  The child's index
		number is printed after it.  If the child is a
		member of a cycle, the cycle number is printed
		between the name and the index number.

 If there are any cycles (circles) in the call graph, there is an
 entry for the cycle-as-a-whole.  This entry shows who called the
 cycle (as parents) and the members of the cycle (as children.)
 The `+' recursive calls entry shows the number of function calls that
 were internal to the cycle, and the calls entry for each member shows,
 for that member, how many times it was called from other members of
 the cycle.

Copyright (C) 2012-2016 Free Software Foundation, Inc.

Copying and distribution of this file, with or without modification,
are permitted in any medium without royalty provided the copyright
notice and this notice are preserved.

Index by function name

  [66] _GLOBAL__sub_I__ZN8WordListC2Ev (WordList.C) [38] __gnu_cxx::__normal_iterator<std::string const*, std::vector<std::string, std::allocator<std::string> > >::operator*() const [15] void std::vector<std::string, std::allocator<std::string> >::_M_emplace_back_aux<std::string const&>(std::string const&)
  [12] _GLOBAL__sub_I__ZN9NgramListC2EiRK8WordList (NgramList.C) [47] std::_Vector_base<std::string, std::allocator<std::string> >::_M_get_Tp_allocator() const [9] std::vector<std::string, std::allocator<std::string> >::push_back(std::string const&)
  [67] _GLOBAL__sub_I_main (main.C) [25] std::move_iterator<std::string*>::base() const [85] std::vector<std::string, std::allocator<std::string> >::vector()
  [68] __static_initialization_and_destruction_0(int, int) (NgramList.C) [33] std::move_iterator<std::string*>::operator*() const [86] std::vector<std::string, std::allocator<std::string> >::~vector()
  [69] __static_initialization_and_destruction_0(int, int) (WordList.C) [59] std::vector<std::string, std::allocator<std::string> >::_M_check_len(unsigned long, char const*) const [35] void std::_Construct<std::string, std::string>(std::string*, std::string&&)
  [70] __static_initialization_and_destruction_0(int, int) (main.C) [30] std::vector<std::string, std::allocator<std::string> >::end() const [23] std::string* std::__addressof<std::string>(std::string&)
  [71] usage(int, char**, int&, std::string&) [44] std::vector<std::string, std::allocator<std::string> >::size() const [62] std::string* std::uninitialized_copy<std::move_iterator<std::string*>, std::string*>(std::move_iterator<std::string*>, std::move_iterator<std::string*>, std::string*)
   [8] WordList::addWord(std::string) [78] std::vector<std::string, std::allocator<std::string> >::begin() const [63] std::string* std::__uninitialized_copy_a<std::move_iterator<std::string*>, std::string*, std::string>(std::move_iterator<std::string*>, std::move_iterator<std::string*>, std::string*, std::allocator<std::string>&)
  [72] WordList::WordList()   [48] std::vector<std::string, std::allocator<std::string> >::max_size() const [52] std::move_iterator<std::string*> std::__make_move_if_noexcept_iterator<std::string*, std::move_iterator<std::string*> >(std::string*)
  [73] WordList::~WordList()  [79] std::allocator<std::string>::allocator() [64] std::string* std::__uninitialized_move_if_noexcept_a<std::string*, std::string*, std::allocator<std::string> >(std::string*, std::string*, std::string*, std::allocator<std::string>&)
   [3] NgramList::insertNgram(std::string) [80] std::allocator<std::string>::~allocator() [65] unsigned long const& std::max<unsigned long>(unsigned long const&, unsigned long const&)
   [2] NgramList::sortByCount() [6] std::char_traits<char>::compare(char const*, char const*, unsigned long) [36] std::remove_reference<std::string&>::type&& std::move<std::string&>(std::string&)
  [40] NgramList::getNextNgram(__gnu_cxx::__normal_iterator<std::string const*, std::vector<std::string, std::allocator<std::string> > >, __gnu_cxx::__normal_iterator<std::string const*, std::vector<std::string, std::allocator<std::string> > >) [53] void std::_Destroy_aux<false>::__destroy<std::string*>(std::string*, std::string*) [7] std::string const& std::forward<std::string const&>(std::remove_reference<std::string const&>::type&)
  [41] NgramList::Ngram::Ngram() [60] std::_Vector_base<std::string, std::allocator<std::string> >::_M_allocate(unsigned long) [37] std::string&& std::forward<std::string>(std::remove_reference<std::string>::type&)
   [4] NgramList::NgramList(int, WordList const&) [81] std::_Vector_base<std::string, std::allocator<std::string> >::_Vector_impl::_Vector_impl() [55] void std::_Destroy<std::string*>(std::string*, std::string*)
  [74] NgramList::~NgramList() [82] std::_Vector_base<std::string, std::allocator<std::string> >::_Vector_impl::~_Vector_impl() [56] void std::_Destroy<std::string*, std::string>(std::string*, std::string*, std::allocator<std::string>&)
  [57] __gnu_cxx::new_allocator<std::string>::deallocate(std::string*, unsigned long) [54] std::_Vector_base<std::string, std::allocator<std::string> >::_M_deallocate(std::string*, unsigned long) [26] void std::_Destroy<std::string>(std::string*)
  [58] __gnu_cxx::new_allocator<std::string>::allocate(unsigned long, void const*) [46] std::_Vector_base<std::string, std::allocator<std::string> >::_M_get_Tp_allocator() [31] bool std::operator==<std::string*>(std::move_iterator<std::string*> const&, std::move_iterator<std::string*> const&)
  [14] _ZN9__gnu_cxx13new_allocatorISsE9constructISsIRKSsEEEvPT_DpOT0_ [83] std::_Vector_base<std::string, std::allocator<std::string> >::_Vector_base() [5] __gnu_cxx::__enable_if<std::__is_char<char>::__value, bool>::__type std::operator==<char>(std::basic_string<char, std::char_traits<char>, std::allocator<char> > const&, std::basic_string<char, std::char_traits<char>, std::allocator<char> > const&)
  [75] __gnu_cxx::new_allocator<std::string>::new_allocator() [84] std::_Vector_base<std::string, std::allocator<std::string> >::~_Vector_base() [39] bool std::operator==<char, std::char_traits<char>, std::allocator<char> >(std::basic_string<char, std::char_traits<char>, std::allocator<char> > const&, char const*)
  [76] __gnu_cxx::new_allocator<std::string>::~new_allocator() [49] std::move_iterator<std::string*>::move_iterator(std::string*) [32] bool std::operator!=<std::string*>(std::move_iterator<std::string*> const&, std::move_iterator<std::string*> const&)
  [24] __gnu_cxx::__normal_iterator<std::string const*, std::vector<std::string, std::allocator<std::string> > >::__normal_iterator(std::string const* const&) [34] std::move_iterator<std::string*>::operator++() [42] std::basic_string<char, std::char_traits<char>, std::allocator<char> > std::operator+<char, std::char_traits<char>, std::allocator<char> >(std::basic_string<char, std::char_traits<char>, std::allocator<char> > const&, char const*)
  [77] __gnu_cxx::__normal_iterator<std::string const*, std::vector<std::string, std::allocator<std::string> > >::__normal_iterator() [50] std::enable_if<std::allocator_traits<std::allocator<std::string> >::__maxsize_helper<std::allocator<std::string> const>::value, unsigned long>::type std::allocator_traits<std::allocator<std::string> >::_S_max_size<std::allocator<std::string> const>(std::allocator<std::string> const&) [43] std::basic_string<char, std::char_traits<char>, std::allocator<char> > std::operator+<char, std::char_traits<char>, std::allocator<char> >(std::basic_string<char, std::char_traits<char>, std::allocator<char> > const&, std::basic_string<char, std::char_traits<char>, std::allocator<char> > const&)
  [29] __gnu_cxx::__normal_iterator<std::string const*, std::vector<std::string, std::allocator<std::string> > >::operator++(int) [11] _ZNSt16allocator_traitsISaISsEE12_S_constructISsIRKSsEEENSt9enable_ifIXsrNS1_18__construct_helperIT_IDpT0_EEE5valueEvE4typeERS0_PS7_DpOS8_ [87] operator<<(std::ostream&, NgramList const&)
  [28] bool __gnu_cxx::operator!=<std::string const*, std::vector<std::string, std::allocator<std::string> > >(__gnu_cxx::__normal_iterator<std::string const*, std::vector<std::string, std::allocator<std::string> > > const&, __gnu_cxx::__normal_iterator<std::string const*, std::vector<std::string, std::allocator<std::string> > > const&) [51] std::allocator_traits<std::allocator<std::string> >::max_size(std::allocator<std::string> const&) [27] operator new(unsigned long, void*)
  [45] __gnu_cxx::new_allocator<std::string>::max_size() const [10] decltype (_S_construct({parm#1}, {parm#2}, (forward<std::string const&>)({parm#3}))) std::allocator_traits<std::allocator<std::string> >::construct<std::string, std::string const&>(std::allocator<std::string>&, std::string*, std::string const&) [1] main
  [22] __gnu_cxx::__normal_iterator<std::string const*, std::vector<std::string, std::allocator<std::string> > >::base() const [61] std::string* std::__uninitialized_copy<false>::__uninit_copy<std::move_iterator<std::string*>, std::string*>(std::move_iterator<std::string*>, std::move_iterator<std::string*>, std::string*)
